2025-03-06 10:00:48,957 INFO o.a.j.u.JMeterUtils: Setting Locale to pt_BR
2025-03-06 10:00:48,976 INFO o.a.j.JMeter: Loading user properties from: user.properties
2025-03-06 10:00:48,977 INFO o.a.j.JMeter: Loading system properties from: system.properties
2025-03-06 10:00:48,987 INFO o.a.j.JMeter: Copyright (c) 1998-2024 The Apache Software Foundation
2025-03-06 10:00:48,987 INFO o.a.j.JMeter: Version 5.6.3
2025-03-06 10:00:48,988 INFO o.a.j.JMeter: java.version=1.8.0_441
2025-03-06 10:00:48,988 INFO o.a.j.JMeter: java.vm.name=Java HotSpot(TM) 64-Bit Server VM
2025-03-06 10:00:48,988 INFO o.a.j.JMeter: os.name=Windows 11
2025-03-06 10:00:48,988 INFO o.a.j.JMeter: os.arch=amd64
2025-03-06 10:00:48,988 INFO o.a.j.JMeter: os.version=10.0
2025-03-06 10:00:48,988 INFO o.a.j.JMeter: file.encoding=Cp1252
2025-03-06 10:00:48,988 INFO o.a.j.JMeter: java.awt.headless=null
2025-03-06 10:00:48,988 INFO o.a.j.JMeter: Max memory     =1871708160
2025-03-06 10:00:48,988 INFO o.a.j.JMeter: Available Processors =8
2025-03-06 10:00:48,996 INFO o.a.j.JMeter: Default Locale=português (Brasil)
2025-03-06 10:00:48,997 INFO o.a.j.JMeter: JMeter  Locale=português (Brasil)
2025-03-06 10:00:48,997 INFO o.a.j.JMeter: JMeterHome=C:\Users\natan\Downloads\apache-jmeter-5.6.3\apache-jmeter-5.6.3
2025-03-06 10:00:48,997 INFO o.a.j.JMeter: user.dir  =C:\Users\natan\Downloads\apache-jmeter-5.6.3\apache-jmeter-5.6.3\bin
2025-03-06 10:00:48,997 INFO o.a.j.JMeter: PWD       =C:\Users\natan\Downloads\apache-jmeter-5.6.3\apache-jmeter-5.6.3\bin
2025-03-06 10:00:53,987 INFO o.a.j.JMeter: IP: 192.168.56.1 Name: Natanael FullName: Natanael
2025-03-06 10:00:54,014 INFO o.a.j.JMeter: Loaded icon properties from org/apache/jmeter/images/icon.properties
2025-03-06 10:00:54,377 INFO o.a.j.JMeterGuiLauncher: Setting LAF to: com.github.weisj.darklaf.DarkLaf:com.github.weisj.darklaf.theme.DarculaTheme
2025-03-06 10:02:24,982 INFO o.a.j.g.a.t.TemplateManager: Reading templates from: C:\Users\natan\Downloads\apache-jmeter-5.6.3\apache-jmeter-5.6.3\bin\templates\templates.xml
2025-03-06 10:03:08,680 INFO o.a.j.g.a.Load: Loading file: C:\Users\natan\Downloads\apache-jmeter-5.6.3\apache-jmeter-5.6.3\bin\templates\build-web-test-plan.jmx
2025-03-06 10:03:08,813 INFO o.a.j.s.SaveService: Testplan (JMX) version: 2.2. Testlog (JTL) version: 2.2
2025-03-06 10:03:08,872 INFO o.a.j.s.SaveService: Using SaveService properties file encoding UTF-8
2025-03-06 10:03:08,873 INFO o.a.j.s.SaveService: Using SaveService properties version 5.0
2025-03-06 10:03:08,876 INFO o.a.j.s.SaveService: Loading file: C:\Users\natan\Downloads\apache-jmeter-5.6.3\apache-jmeter-5.6.3\bin\templates\build-web-test-plan.jmx
2025-03-06 10:03:08,902 INFO o.a.j.p.h.c.CookieManager: Settings: Delete null: true Check: true Allow variable: true Save: false Prefix: COOKIE_
2025-03-06 10:03:08,909 INFO o.a.j.p.h.s.HTTPSamplerBase: Parser for text/html is org.apache.jmeter.protocol.http.parser.LagartoBasedHtmlParser
2025-03-06 10:03:08,909 INFO o.a.j.p.h.s.HTTPSamplerBase: Parser for application/xhtml+xml is org.apache.jmeter.protocol.http.parser.LagartoBasedHtmlParser
2025-03-06 10:03:08,909 INFO o.a.j.p.h.s.HTTPSamplerBase: Parser for application/xml is org.apache.jmeter.protocol.http.parser.LagartoBasedHtmlParser
2025-03-06 10:03:08,910 INFO o.a.j.p.h.s.HTTPSamplerBase: Parser for text/xml is org.apache.jmeter.protocol.http.parser.LagartoBasedHtmlParser
2025-03-06 10:03:08,910 INFO o.a.j.p.h.s.HTTPSamplerBase: Parser for text/vnd.wap.wml is org.apache.jmeter.protocol.http.parser.RegexpHTMLParser
2025-03-06 10:03:08,910 INFO o.a.j.p.h.s.HTTPSamplerBase: Parser for text/css is org.apache.jmeter.protocol.http.parser.CssParser
2025-03-06 10:03:09,200 INFO o.a.j.s.SampleResult: Note: Sample TimeStamps are START times
2025-03-06 10:03:09,200 INFO o.a.j.s.SampleResult: sampleresult.default.encoding is set to UTF-8
2025-03-06 10:03:09,200 INFO o.a.j.s.SampleResult: sampleresult.useNanoTime=true
2025-03-06 10:03:09,200 INFO o.a.j.s.SampleResult: sampleresult.nanoThreadSleep=5000
2025-03-06 10:07:15,030 INFO o.a.j.e.StandardJMeterEngine: Running the test!
2025-03-06 10:07:15,031 INFO o.a.j.s.SampleEvent: List of sample_variables: []
2025-03-06 10:07:15,031 INFO o.a.j.s.SampleEvent: List of sample_variables: []
2025-03-06 10:07:15,032 INFO o.a.j.e.u.CompoundVariable: Note: Function class names must contain the string: '.functions.'
2025-03-06 10:07:15,032 INFO o.a.j.e.u.CompoundVariable: Note: Function class names must not contain the string: '.gui.'
2025-03-06 10:07:15,331 INFO o.a.j.g.u.JMeterMenuBar: setRunning(true, *local*)
2025-03-06 10:07:15,438 INFO o.a.j.e.StandardJMeterEngine: Starting ThreadGroup: 1 : Scenario 1
2025-03-06 10:07:15,438 INFO o.a.j.e.StandardJMeterEngine: Starting 5 threads for group Scenario 1.
2025-03-06 10:07:15,438 INFO o.a.j.e.StandardJMeterEngine: Thread will continue on error
2025-03-06 10:07:15,438 INFO o.a.j.t.ThreadGroup: Starting thread group... number=1 threads=5 ramp-up=5 delayedStart=false
2025-03-06 10:07:15,446 INFO o.a.j.t.ThreadGroup: Started thread group number 1
2025-03-06 10:07:15,446 INFO o.a.j.e.StandardJMeterEngine: All thread groups have been started
2025-03-06 10:07:20,439 INFO o.a.j.t.JMeterThread: Thread started: Scenario 1 1-1
2025-03-06 10:07:20,457 INFO o.a.j.p.h.s.HTTPHCAbstractImpl: Local host = Natanael
2025-03-06 10:07:20,466 INFO o.a.j.p.h.s.HTTPHC4Impl: HTTP request retry count = 0
2025-03-06 10:07:21,439 INFO o.a.j.t.JMeterThread: Thread started: Scenario 1 1-2
2025-03-06 10:07:22,440 INFO o.a.j.t.JMeterThread: Thread started: Scenario 1 1-3
2025-03-06 10:07:23,443 INFO o.a.j.t.JMeterThread: Thread started: Scenario 1 1-4
2025-03-06 10:07:24,448 INFO o.a.j.t.JMeterThread: Thread started: Scenario 1 1-5
2025-03-06 10:08:19,903 INFO o.a.j.t.JMeterThread: Thread finished: Scenario 1 1-5
2025-03-06 10:08:20,005 INFO o.a.j.t.JMeterThread: Thread finished: Scenario 1 1-3
2025-03-06 10:08:20,119 INFO o.a.j.t.JMeterThread: Thread finished: Scenario 1 1-1
2025-03-06 10:08:20,136 INFO o.a.j.t.JMeterThread: Thread finished: Scenario 1 1-4
2025-03-06 10:08:20,548 INFO o.a.j.t.JMeterThread: Stopping because end time detected by thread: Scenario 1 1-2
2025-03-06 10:08:20,548 INFO o.a.j.t.JMeterThread: Thread finished: Scenario 1 1-2
2025-03-06 10:08:20,548 INFO o.a.j.e.StandardJMeterEngine: Notifying test listeners of end of test
2025-03-06 10:08:20,550 INFO o.a.j.s.FileServer: Default base='C:\Users\natan\Downloads\apache-jmeter-5.6.3\apache-jmeter-5.6.3\bin'
2025-03-06 10:08:20,550 INFO o.a.j.g.u.JMeterMenuBar: setRunning(false, *local*)
2025-03-06 10:19:54,371 INFO o.a.j.s.FileServer: Set new base='C:\Users\natan\Downloads\apache-jmeter-5.6.3'
2025-03-06 10:37:45,586 INFO o.a.j.s.FileServer: Set new base='C:\Users\natan\Downloads\apache-jmeter-5.6.3'
2025-03-06 10:43:19,957 INFO o.a.j.e.StandardJMeterEngine: Running the test!
2025-03-06 10:43:19,958 INFO o.a.j.s.SampleEvent: List of sample_variables: []
2025-03-06 10:43:19,960 INFO o.a.j.g.u.JMeterMenuBar: setRunning(true, *local*)
2025-03-06 10:43:20,138 INFO o.a.j.e.StandardJMeterEngine: Starting ThreadGroup: 1 : Grupo de Usuários
2025-03-06 10:43:20,138 INFO o.a.j.e.StandardJMeterEngine: Starting 10 threads for group Grupo de Usuários.
2025-03-06 10:43:20,139 INFO o.a.j.e.StandardJMeterEngine: Thread will continue on error
2025-03-06 10:43:20,139 INFO o.a.j.t.ThreadGroup: Starting thread group... number=1 threads=10 ramp-up=20 delayedStart=false
2025-03-06 10:43:20,139 INFO o.a.j.t.JMeterThread: Thread started: Grupo de Usuários 1-1
2025-03-06 10:43:20,141 INFO o.a.j.t.ThreadGroup: Started thread group number 1
2025-03-06 10:43:20,141 INFO o.a.j.e.StandardJMeterEngine: All thread groups have been started
2025-03-06 10:43:20,188 INFO o.a.j.p.h.s.h.LazyLayeredConnectionSocketFactory: Setting up HTTPS TrustAll Socket Factory
2025-03-06 10:43:20,192 INFO o.a.j.u.JsseSSLManager: Using default SSL protocol: TLS
2025-03-06 10:43:20,193 INFO o.a.j.u.JsseSSLManager: SSL session context: per-thread
2025-03-06 10:43:20,856 INFO o.a.j.u.SSLManager: JmeterKeyStore Location:  type JKS
2025-03-06 10:43:20,858 INFO o.a.j.u.SSLManager: KeyStore created OK
2025-03-06 10:43:20,858 WARN o.a.j.u.SSLManager: Keystore file not found, loading empty keystore
2025-03-06 10:43:21,716 INFO o.a.j.t.JMeterThread: Thread is done: Grupo de Usuários 1-1
2025-03-06 10:43:21,716 INFO o.a.j.t.JMeterThread: Thread finished: Grupo de Usuários 1-1
2025-03-06 10:43:22,139 INFO o.a.j.t.JMeterThread: Thread started: Grupo de Usuários 1-2
2025-03-06 10:43:22,475 INFO o.a.j.t.JMeterThread: Thread is done: Grupo de Usuários 1-2
2025-03-06 10:43:22,475 INFO o.a.j.t.JMeterThread: Thread finished: Grupo de Usuários 1-2
2025-03-06 10:43:24,140 INFO o.a.j.t.JMeterThread: Thread started: Grupo de Usuários 1-3
2025-03-06 10:43:24,472 INFO o.a.j.t.JMeterThread: Thread is done: Grupo de Usuários 1-3
2025-03-06 10:43:24,472 INFO o.a.j.t.JMeterThread: Thread finished: Grupo de Usuários 1-3
2025-03-06 10:43:26,140 INFO o.a.j.t.JMeterThread: Thread started: Grupo de Usuários 1-4
2025-03-06 10:43:26,597 INFO o.a.j.t.JMeterThread: Thread is done: Grupo de Usuários 1-4
2025-03-06 10:43:26,597 INFO o.a.j.t.JMeterThread: Thread finished: Grupo de Usuários 1-4
2025-03-06 10:43:28,140 INFO o.a.j.t.JMeterThread: Thread started: Grupo de Usuários 1-5
2025-03-06 10:43:28,598 INFO o.a.j.t.JMeterThread: Thread is done: Grupo de Usuários 1-5
2025-03-06 10:43:28,598 INFO o.a.j.t.JMeterThread: Thread finished: Grupo de Usuários 1-5
2025-03-06 10:43:30,139 INFO o.a.j.t.JMeterThread: Thread started: Grupo de Usuários 1-6
2025-03-06 10:43:30,612 INFO o.a.j.t.JMeterThread: Thread is done: Grupo de Usuários 1-6
2025-03-06 10:43:30,612 INFO o.a.j.t.JMeterThread: Thread finished: Grupo de Usuários 1-6
2025-03-06 10:43:32,151 INFO o.a.j.t.JMeterThread: Thread started: Grupo de Usuários 1-7
2025-03-06 10:43:32,494 INFO o.a.j.t.JMeterThread: Thread is done: Grupo de Usuários 1-7
2025-03-06 10:43:32,494 INFO o.a.j.t.JMeterThread: Thread finished: Grupo de Usuários 1-7
2025-03-06 10:43:34,145 INFO o.a.j.t.JMeterThread: Thread started: Grupo de Usuários 1-8
2025-03-06 10:43:34,482 INFO o.a.j.t.JMeterThread: Thread is done: Grupo de Usuários 1-8
2025-03-06 10:43:34,483 INFO o.a.j.t.JMeterThread: Thread finished: Grupo de Usuários 1-8
2025-03-06 10:43:36,141 INFO o.a.j.t.JMeterThread: Thread started: Grupo de Usuários 1-9
2025-03-06 10:43:36,600 INFO o.a.j.t.JMeterThread: Thread is done: Grupo de Usuários 1-9
2025-03-06 10:43:36,600 INFO o.a.j.t.JMeterThread: Thread finished: Grupo de Usuários 1-9
2025-03-06 10:43:38,140 INFO o.a.j.t.JMeterThread: Thread started: Grupo de Usuários 1-10
2025-03-06 10:43:38,594 INFO o.a.j.t.JMeterThread: Thread is done: Grupo de Usuários 1-10
2025-03-06 10:43:38,594 INFO o.a.j.t.JMeterThread: Thread finished: Grupo de Usuários 1-10
2025-03-06 10:43:38,596 INFO o.a.j.e.StandardJMeterEngine: Notifying test listeners of end of test
2025-03-06 10:43:38,597 INFO o.a.j.g.u.JMeterMenuBar: setRunning(false, *local*)
2025-03-06 11:39:46,029 INFO o.a.j.s.FileServer: Set new base='C:\Users\natan\Downloads\apache-jmeter-5.6.3'
2025-03-06 11:40:32,783 INFO o.a.j.e.StandardJMeterEngine: Running the test!
2025-03-06 11:40:32,785 INFO o.a.j.s.SampleEvent: List of sample_variables: []
2025-03-06 11:40:32,786 INFO o.a.j.g.u.JMeterMenuBar: setRunning(true, *local*)
2025-03-06 11:40:33,101 INFO o.a.j.e.StandardJMeterEngine: Starting ThreadGroup: 1 : Grupo de Usuários
2025-03-06 11:40:33,101 INFO o.a.j.e.StandardJMeterEngine: Starting 5 threads for group Grupo de Usuários.
2025-03-06 11:40:33,101 INFO o.a.j.e.StandardJMeterEngine: Thread will continue on error
2025-03-06 11:40:33,101 INFO o.a.j.t.ThreadGroup: Starting thread group... number=1 threads=5 ramp-up=5 delayedStart=false
2025-03-06 11:40:33,103 INFO o.a.j.t.JMeterThread: Thread started: Grupo de Usuários 1-1
2025-03-06 11:40:33,105 INFO o.a.j.t.ThreadGroup: Started thread group number 1
2025-03-06 11:40:33,105 INFO o.a.j.e.StandardJMeterEngine: All thread groups have been started
2025-03-06 11:40:33,397 INFO o.a.j.t.JMeterThread: Thread is done: Grupo de Usuários 1-1
2025-03-06 11:40:33,397 INFO o.a.j.t.JMeterThread: Thread finished: Grupo de Usuários 1-1
2025-03-06 11:40:34,111 INFO o.a.j.t.JMeterThread: Thread started: Grupo de Usuários 1-2
2025-03-06 11:40:34,329 INFO o.a.j.t.JMeterThread: Thread is done: Grupo de Usuários 1-2
2025-03-06 11:40:34,329 INFO o.a.j.t.JMeterThread: Thread finished: Grupo de Usuários 1-2
2025-03-06 11:40:35,108 INFO o.a.j.t.JMeterThread: Thread started: Grupo de Usuários 1-3
2025-03-06 11:40:35,348 INFO o.a.j.t.JMeterThread: Thread is done: Grupo de Usuários 1-3
2025-03-06 11:40:35,349 INFO o.a.j.t.JMeterThread: Thread finished: Grupo de Usuários 1-3
2025-03-06 11:40:36,103 INFO o.a.j.t.JMeterThread: Thread started: Grupo de Usuários 1-4
2025-03-06 11:40:36,351 INFO o.a.j.t.JMeterThread: Thread is done: Grupo de Usuários 1-4
2025-03-06 11:40:36,351 INFO o.a.j.t.JMeterThread: Thread finished: Grupo de Usuários 1-4
2025-03-06 11:40:37,103 INFO o.a.j.t.JMeterThread: Thread started: Grupo de Usuários 1-5
2025-03-06 11:40:37,348 INFO o.a.j.t.JMeterThread: Thread is done: Grupo de Usuários 1-5
2025-03-06 11:40:37,349 INFO o.a.j.t.JMeterThread: Thread finished: Grupo de Usuários 1-5
2025-03-06 11:40:37,350 INFO o.a.j.e.StandardJMeterEngine: Notifying test listeners of end of test
2025-03-06 11:40:37,350 INFO o.a.j.g.u.JMeterMenuBar: setRunning(false, *local*)
