"Swing-Shell" Id=28 WAITING on java.util.concurrent.locks.AbstractQueuedSynchronizer$ConditionObject@1fe614b0
	at sun.misc.Unsafe.park(Native Method)
	-  waiting on java.util.concurrent.locks.AbstractQueuedSynchronizer$ConditionObject@1fe614b0
	at java.util.concurrent.locks.LockSupport.park(Unknown Source)
	at java.util.concurrent.locks.AbstractQueuedSynchronizer$ConditionObject.await(Unknown Source)
	at java.util.concurrent.LinkedBlockingQueue.take(Unknown Source)
	at java.util.concurrent.ThreadPoolExecutor.getTask(Unknown Source)
	at java.util.concurrent.ThreadPoolExecutor.runWorker(Unknown Source)
	at java.util.concurrent.ThreadPoolExecutor$Worker.run(Unknown Source)
	at sun.awt.shell.Win32ShellFolderManager2$ComInvoker$3.run(Unknown Source)
	...

"Animations Thread" Id=26 WAITING on java.util.concurrent.locks.AbstractQueuedSynchronizer$ConditionObject@6bd0c30
	at sun.misc.Unsafe.park(Native Method)
	-  waiting on java.util.concurrent.locks.AbstractQueuedSynchronizer$ConditionObject@6bd0c30
	at java.util.concurrent.locks.LockSupport.park(Unknown Source)
	at java.util.concurrent.locks.AbstractQueuedSynchronizer$ConditionObject.await(Unknown Source)
	at java.util.concurrent.ScheduledThreadPoolExecutor$DelayedWorkQueue.take(Unknown Source)
	at java.util.concurrent.ScheduledThreadPoolExecutor$DelayedWorkQueue.take(Unknown Source)
	at java.util.concurrent.ThreadPoolExecutor.getTask(Unknown Source)
	at java.util.concurrent.ThreadPoolExecutor.runWorker(Unknown Source)
	at java.util.concurrent.ThreadPoolExecutor$Worker.run(Unknown Source)
	...

"NanoOffset" Id=25 TIMED_WAITING
	at java.lang.Thread.sleep(Native Method)
	at java.lang.Thread.sleep(Unknown Source)
	at java.util.concurrent.TimeUnit.sleep(Unknown Source)
	at org.apache.jmeter.samplers.SampleResult$NanoOffset.getOffset(SampleResult.java:1563)
	at org.apache.jmeter.samplers.SampleResult$NanoOffset.run(SampleResult.java:1557)

"DestroyJavaVM" Id=23 RUNNABLE

"DefaultDispatcher-worker-2" Id=22 TIMED_WAITING
	at sun.misc.Unsafe.park(Native Method)
	at java.util.concurrent.locks.LockSupport.parkNanos(Unknown Source)
	at kotlinx.coroutines.scheduling.CoroutineScheduler$Worker.park(CoroutineScheduler.kt:838)
	at kotlinx.coroutines.scheduling.CoroutineScheduler$Worker.tryPark(CoroutineScheduler.kt:783)
	at kotlinx.coroutines.scheduling.CoroutineScheduler$Worker.runWorker(CoroutineScheduler.kt:731)
	at kotlinx.coroutines.scheduling.CoroutineScheduler$Worker.run(CoroutineScheduler.kt:684)

"DefaultDispatcher-worker-1" Id=21 TIMED_WAITING
	at sun.misc.Unsafe.park(Native Method)
	at java.util.concurrent.locks.LockSupport.parkNanos(Unknown Source)
	at kotlinx.coroutines.scheduling.CoroutineScheduler$Worker.park(CoroutineScheduler.kt:838)
	at kotlinx.coroutines.scheduling.CoroutineScheduler$Worker.tryPark(CoroutineScheduler.kt:783)
	at kotlinx.coroutines.scheduling.CoroutineScheduler$Worker.runWorker(CoroutineScheduler.kt:731)
	at kotlinx.coroutines.scheduling.CoroutineScheduler$Worker.run(CoroutineScheduler.kt:684)

"AWT-EventQueue-0" Id=19 RUNNABLE
	at sun.management.ThreadImpl.dumpThreads0(Native Method)
	at sun.management.ThreadImpl.dumpAllThreads(Unknown Source)
	at org.apache.jorphan.util.ThreadDumper.writeThreadDump(ThreadDumper.java:80)
	at org.apache.jorphan.util.ThreadDumper.threadDump(ThreadDumper.java:68)
	at org.apache.jorphan.util.ThreadDumper.threadDump(ThreadDumper.java:51)
	at org.apache.jmeter.gui.action.What.doAction(What.java:93)
	at org.apache.jmeter.gui.action.ActionRouter.performAction(ActionRouter.java:83)
	at org.apache.jmeter.gui.action.ActionRouter.lambda$actionPerformed$0(ActionRouter.java:65)
	...

"TimerQueue" Id=18 TIMED_WAITING on java.util.concurrent.locks.AbstractQueuedSynchronizer$ConditionObject@31a19ddc
	at sun.misc.Unsafe.park(Native Method)
	-  waiting on java.util.concurrent.locks.AbstractQueuedSynchronizer$ConditionObject@31a19ddc
	at java.util.concurrent.locks.LockSupport.parkNanos(Unknown Source)
	at java.util.concurrent.locks.AbstractQueuedSynchronizer$ConditionObject.awaitNanos(Unknown Source)
	at java.util.concurrent.DelayQueue.take(Unknown Source)
	at javax.swing.TimerQueue.run(Unknown Source)
	at java.lang.Thread.run(Unknown Source)

	Number of locked synchronizers = 1
	- java.util.concurrent.locks.ReentrantLock$NonfairSync@3236805e

"AWT-Windows" Id=15 RUNNABLE (in native)
	at sun.awt.windows.WToolkit.eventLoop(Native Method)
	at sun.awt.windows.WToolkit.run(Unknown Source)
	at java.lang.Thread.run(Unknown Source)

"AWT-Shutdown" Id=14 WAITING on java.lang.Object@1e4d5ccc
	at java.lang.Object.wait(Native Method)
	-  waiting on java.lang.Object@1e4d5ccc
	at java.lang.Object.wait(Unknown Source)
	at sun.awt.AWTAutoShutdown.run(Unknown Source)
	at java.lang.Thread.run(Unknown Source)

"Java2D Disposer" Id=13 WAITING on java.lang.ref.ReferenceQueue$Lock@70ff0fb9
	at java.lang.Object.wait(Native Method)
	-  waiting on java.lang.ref.ReferenceQueue$Lock@70ff0fb9
	at java.lang.ref.ReferenceQueue.remove(Unknown Source)
	at java.lang.ref.ReferenceQueue.remove(Unknown Source)
	at sun.java2d.Disposer.run(Unknown Source)
	at java.lang.Thread.run(Unknown Source)

"Attach Listener" Id=5 RUNNABLE

"Signal Dispatcher" Id=4 RUNNABLE

"Finalizer" Id=3 WAITING on java.lang.ref.ReferenceQueue$Lock@76cd4588
	at java.lang.Object.wait(Native Method)
	-  waiting on java.lang.ref.ReferenceQueue$Lock@76cd4588
	at java.lang.ref.ReferenceQueue.remove(Unknown Source)
	at java.lang.ref.ReferenceQueue.remove(Unknown Source)
	at java.lang.ref.Finalizer$FinalizerThread.run(Unknown Source)

"Reference Handler" Id=2 WAITING on java.lang.ref.Reference$Lock@4b3f79f0
	at java.lang.Object.wait(Native Method)
	-  waiting on java.lang.ref.Reference$Lock@4b3f79f0
	at java.lang.Object.wait(Unknown Source)
	at java.lang.ref.Reference.tryHandlePending(Unknown Source)
	at java.lang.ref.Reference$ReferenceHandler.run(Unknown Source)

